<?xml version="1.0" encoding="UTF-8" standalone="no"?>
<testsuite failures="1" name="cucumber.runtime.formatter.JUnitFormatter" skipped="0" tests="1" time="0">
    <testcase classname="Validar acceso al sistema - Login" name="Iniciar sesión al sistema" time="0">
        <failure message="The scenario has pending or undefined step(s)"><![CDATA[Given un formulario en la interfaz de login.................................undefined
When el usuario diligencia el formulario: Usuario "standard_user" Contraseña "<Password>".undefined
And hace clic en el boton "Login"...........................................undefined
Then el usuario se ha logueado..............................................undefined
]]></failure>
    </testcase>
</testsuite>
